0 info it worked if it ends with ok
1 verbose cli [ '/usr/bin/node', '/usr/bin/npm', 'install', 'node-eden' ]
2 info using npm@1.4.28
3 info using node@v0.10.35
4 verbose readDependencies using package.json deps
5 verbose cache add [ 'node-eden', null ]
6 verbose cache add name=undefined spec="node-eden" args=["node-eden",null]
7 verbose parsed url { protocol: null,
7 verbose parsed url   slashes: null,
7 verbose parsed url   auth: null,
7 verbose parsed url   host: null,
7 verbose parsed url   port: null,
7 verbose parsed url   hostname: null,
7 verbose parsed url   hash: null,
7 verbose parsed url   search: null,
7 verbose parsed url   query: null,
7 verbose parsed url   pathname: 'node-eden',
7 verbose parsed url   path: 'node-eden',
7 verbose parsed url   href: 'node-eden' }
8 silly lockFile 50cc4656-node-eden node-eden
9 verbose lock node-eden /home/oscar.vega/.npm/50cc4656-node-eden.lock
10 silly lockFile 50cc4656-node-eden node-eden
11 silly lockFile 50cc4656-node-eden node-eden
12 verbose addNamed [ 'node-eden', '' ]
13 verbose addNamed [ null, '*' ]
14 silly lockFile 46ac758f-node-eden node-eden@
15 verbose lock node-eden@ /home/oscar.vega/.npm/46ac758f-node-eden.lock
16 silly addNameRange { name: 'node-eden', range: '*', hasData: false }
17 verbose request where is /node-eden
18 verbose request registry https://registry.npmjs.org/
19 verbose request id 38248b263ccb3c83
20 verbose url raw /node-eden
21 verbose url resolving [ 'https://registry.npmjs.org/', './node-eden' ]
22 verbose url resolved https://registry.npmjs.org/node-eden
23 verbose request where is https://registry.npmjs.org/node-eden
24 info trying registry request attempt 1 at 12:41:38
25 verbose etag "BLDH69B229TEH96VF54IBAVVC"
26 http GET https://registry.npmjs.org/node-eden
27 http 304 https://registry.npmjs.org/node-eden
28 silly registry.get cb [ 304,
28 silly registry.get   { date: 'Tue, 20 Jan 2015 18:41:43 GMT',
28 silly registry.get     server: 'Apache',
28 silly registry.get     via: '1.1 varnish',
28 silly registry.get     'last-modified': 'Tue, 20 Jan 2015 18:41:43 GMT',
28 silly registry.get     'cache-control': 'max-age=60',
28 silly registry.get     etag: '"BLDH69B229TEH96VF54IBAVVC"',
28 silly registry.get     age: '0',
28 silly registry.get     'x-served-by': 'cache-ord1722-ORD',
28 silly registry.get     'x-cache': 'MISS',
28 silly registry.get     'x-cache-hits': '0',
28 silly registry.get     'x-timer': 'S1421779303.363072,VS0,VE276',
28 silly registry.get     vary: 'Accept',
28 silly registry.get     'content-length': '0',
28 silly registry.get     'keep-alive': 'timeout=10, max=50',
28 silly registry.get     connection: 'Keep-Alive' } ]
29 verbose etag https://registry.npmjs.org/node-eden from cache
30 silly addNameRange number 2 { name: 'node-eden', range: '*', hasData: true }
31 silly addNameRange versions [ 'node-eden', [ '0.0.3' ] ]
32 verbose addNamed [ 'node-eden', '0.0.3' ]
33 verbose addNamed [ '0.0.3', '0.0.3' ]
34 silly lockFile 3dcee82a-node-eden-0-0-3 node-eden@0.0.3
35 verbose lock node-eden@0.0.3 /home/oscar.vega/.npm/3dcee82a-node-eden-0-0-3.lock
36 silly lockFile be3077da-rg-node-eden-node-eden-0-0-3-tgz https://registry.npmjs.org/node-eden/-/node-eden-0.0.3.tgz
37 verbose lock https://registry.npmjs.org/node-eden/-/node-eden-0.0.3.tgz /home/oscar.vega/.npm/be3077da-rg-node-eden-node-eden-0-0-3-tgz.lock
38 verbose addRemoteTarball [ 'https://registry.npmjs.org/node-eden/-/node-eden-0.0.3.tgz',
38 verbose addRemoteTarball   '77ed9091fff72bee94a20a73fc77380b7d0f9970' ]
39 silly lockFile be3077da-rg-node-eden-node-eden-0-0-3-tgz https://registry.npmjs.org/node-eden/-/node-eden-0.0.3.tgz
40 silly lockFile be3077da-rg-node-eden-node-eden-0-0-3-tgz https://registry.npmjs.org/node-eden/-/node-eden-0.0.3.tgz
41 silly lockFile 3dcee82a-node-eden-0-0-3 node-eden@0.0.3
42 silly lockFile 3dcee82a-node-eden-0-0-3 node-eden@0.0.3
43 silly lockFile 46ac758f-node-eden node-eden@
44 silly lockFile 46ac758f-node-eden node-eden@
45 error Error: EINVAL, mkdir '/tmp/npm-18405-pyciqz-i'
46 error If you need help, you may report this *entire* log,
46 error including the npm and node versions, at:
46 error     <http://github.com/npm/npm/issues>
47 error System Linux 2.6.32-504.el6.x86_64
48 error command "/usr/bin/node" "/usr/bin/npm" "install" "node-eden"
49 error cwd /home/oscar.vega/Proyectos/yoplanner
50 error node -v v0.10.35
51 error npm -v 1.4.28
52 error path /tmp/npm-18405-pyciqz-i
53 error code EINVAL
54 error errno 18
55 verbose exit [ 18, true ]
